<?xml version="1.0" encoding="UTF-8"?>
<testsuites>
  <testsuite name="Tests\Unit\UserTest_A015_readCompletePuzzles" file="/home/user/docker-laravel/laravel_paiza/tests/Unit/A015/UserTest_A015_readCompletePuzzles.php" tests="1" assertions="1" errors="0" warnings="0" failures="0" skipped="0" time="0.003160">
    <testcase name="testA015" class="Tests\Unit\UserTest_A015_readCompletePuzzles" classname="Tests.Unit.UserTest_A015_readCompletePuzzles" file="/home/user/docker-laravel/laravel_paiza/tests/Unit/A015/UserTest_A015_readCompletePuzzles.php" line="10" assertions="1" time="0.003160">
      <system-out>
期待値 = 
Array
(
    [0] =&gt; Array
        (
            [0] =&gt; .
            [1] =&gt; .
            [2] =&gt; .
            [3] =&gt; .
            [4] =&gt; .
            [5] =&gt; .
            [6] =&gt; .
            [7] =&gt; .
        )

    [1] =&gt; Array
        (
            [0] =&gt; .
            [1] =&gt; .
            [2] =&gt; .
            [3] =&gt; #
            [4] =&gt; .
            [5] =&gt; .
            [6] =&gt; .
            [7] =&gt; .
        )

    [2] =&gt; Array
        (
            [0] =&gt; .
            [1] =&gt; .
            [2] =&gt; #
            [3] =&gt; #
            [4] =&gt; #
            [5] =&gt; .
            [6] =&gt; .
            [7] =&gt; .
        )

    [3] =&gt; Array
        (
            [0] =&gt; .
            [1] =&gt; .
            [2] =&gt; #
            [3] =&gt; .
            [4] =&gt; #
            [5] =&gt; #
            [6] =&gt; .
            [7] =&gt; .
        )

    [4] =&gt; Array
        (
            [0] =&gt; .
            [1] =&gt; .
            [2] =&gt; #
            [3] =&gt; #
            [4] =&gt; #
            [5] =&gt; .
            [6] =&gt; .
            [7] =&gt; .
        )

    [5] =&gt; Array
        (
            [0] =&gt; .
            [1] =&gt; .
            [2] =&gt; .
            [3] =&gt; .
            [4] =&gt; .
            [5] =&gt; .
            [6] =&gt; .
            [7] =&gt; .
        )

    [6] =&gt; Array
        (
            [0] =&gt; .
            [1] =&gt; .
            [2] =&gt; .
            [3] =&gt; .
            [4] =&gt; .
            [5] =&gt; .
            [6] =&gt; .
            [7] =&gt; .
        )

    [7] =&gt; Array
        (
            [0] =&gt; .
            [1] =&gt; .
            [2] =&gt; .
            [3] =&gt; .
            [4] =&gt; .
            [5] =&gt; .
            [6] =&gt; .
            [7] =&gt; .
        )

)
処理結果 = Array
(
    [0] =&gt; Array
        (
            [0] =&gt; .
            [1] =&gt; .
            [2] =&gt; .
            [3] =&gt; .
            [4] =&gt; .
            [5] =&gt; .
            [6] =&gt; .
            [7] =&gt; .
        )

    [1] =&gt; Array
        (
            [0] =&gt; .
            [1] =&gt; .
            [2] =&gt; .
            [3] =&gt; #
            [4] =&gt; .
            [5] =&gt; .
            [6] =&gt; .
            [7] =&gt; .
        )

    [2] =&gt; Array
        (
            [0] =&gt; .
            [1] =&gt; .
            [2] =&gt; #
            [3] =&gt; #
            [4] =&gt; #
            [5] =&gt; .
            [6] =&gt; .
            [7] =&gt; .
        )

    [3] =&gt; Array
        (
            [0] =&gt; .
            [1] =&gt; .
            [2] =&gt; #
            [3] =&gt; .
            [4] =&gt; #
            [5] =&gt; #
            [6] =&gt; .
            [7] =&gt; .
        )

    [4] =&gt; Array
        (
            [0] =&gt; .
            [1] =&gt; .
            [2] =&gt; #
            [3] =&gt; #
            [4] =&gt; #
            [5] =&gt; .
            [6] =&gt; .
            [7] =&gt; .
        )

    [5] =&gt; Array
        (
            [0] =&gt; .
            [1] =&gt; .
            [2] =&gt; .
            [3] =&gt; .
            [4] =&gt; .
            [5] =&gt; .
            [6] =&gt; .
            [7] =&gt; .
        )

    [6] =&gt; Array
        (
            [0] =&gt; .
            [1] =&gt; .
            [2] =&gt; .
            [3] =&gt; .
            [4] =&gt; .
            [5] =&gt; .
            [6] =&gt; .
            [7] =&gt; .
        )

    [7] =&gt; Array
        (
            [0] =&gt; .
            [1] =&gt; .
            [2] =&gt; .
            [3] =&gt; .
            [4] =&gt; .
            [5] =&gt; .
            [6] =&gt; .
            [7] =&gt; .
        )

)
</system-out>
    </testcase>
  </testsuite>
</testsuites>
