<?xml version="1.0" encoding="UTF-8"?>
<testsuites>
  <testsuite name="Tests\Unit\UserTest_C113_set_masu" file="C:\laravel_paiza\tests\Unit\UserTest_C113_set_masu.php" tests="1" assertions="2" errors="0" warnings="0" failures="0" skipped="0" time="0.011738">
    <testcase name="test_C113_set_masu" class="Tests\Unit\UserTest_C113_set_masu" classname="Tests.Unit.UserTest_C113_set_masu" file="C:\laravel_paiza\tests\Unit\UserTest_C113_set_masu.php" line="15" assertions="2" time="0.011738">
      <system-out>
c113_datas = Array
(
    [0] =&gt; x
    [1] =&gt; -
    [2] =&gt; +
    [3] =&gt; 1
    [4] =&gt; 1
    [5] =&gt; 6
)

masu_correct = Array
(
    [0] =&gt; x
    [1] =&gt; -
    [2] =&gt; +
    [3] =&gt; 
    [4] =&gt; 
)

set_masu = Array
(
    [0] =&gt; x
    [1] =&gt; -
    [2] =&gt; +
    [3] =&gt; 
    [4] =&gt; 
)

masu_end_p_correct = 3
set_masu['masu_end_p'] = 3
</system-out>
    </testcase>
  </testsuite>
</testsuites>
