<?xml version="1.0" encoding="UTF-8"?>
<testsuites>
  <testsuite name="Tests\Unit\UserTest_C042_input_file" file="C:\laravel_paiza\tests\Unit\UserTest_C042_input_file.php" tests="1" assertions="1" errors="0" warnings="0" failures="0" skipped="0" time="0.011807">
    <testcase name="test_C042_input_file" class="Tests\Unit\UserTest_C042_input_file" classname="Tests.Unit.UserTest_C042_input_file" file="C:\laravel_paiza\tests\Unit\UserTest_C042_input_file.php" line="15" assertions="1" time="0.011807">
      <system-out>
期待値 = 
Array
(
    [0] =&gt; 3
    [1] =&gt; 1 3
    [2] =&gt; 2 1
    [3] =&gt; 2 3
)
処理結果 = Array
(
    [0] =&gt; 3
    [1] =&gt; 1 3
    [2] =&gt; 2 1
    [3] =&gt; 2 3
)
</system-out>
    </testcase>
  </testsuite>
</testsuites>
