<?xml version="1.0" encoding="UTF-8"?>
<testsuites>
  <testsuite name="Tests\Unit\UserTest_C042_check_N_numerical" file="C:\laravel_paiza\tests\Unit\UserTest_C042_check_N_numerical.php" tests="1" assertions="1" errors="0" warnings="0" failures="0" skipped="0" time="0.011226">
    <testcase name="test_C042_check_N_numerical_normal" class="Tests\Unit\UserTest_C042_check_N_numerical" classname="Tests.Unit.UserTest_C042_check_N_numerical" file="C:\laravel_paiza\tests\Unit\UserTest_C042_check_N_numerical.php" line="45" assertions="1" time="0.011226">
      <system-out>
期待値 = Array
(
    [Total_participants] =&gt; 3
)

処理結果 = Array
(
    [Total_participants] =&gt; 3
)
</system-out>
    </testcase>
  </testsuite>
</testsuites>
