<?xml version="1.0" encoding="UTF-8"?>
<testsuites>
  <testsuite name="Tests\Unit\UserTest_C042" file="C:\laravel_paiza\tests\Unit\UserTest_C042.php" tests="1" assertions="1" errors="0" warnings="0" failures="1" skipped="0" time="0.029514">
    <testcase name="test_C042" class="Tests\Unit\UserTest_C042" classname="Tests.Unit.UserTest_C042" file="C:\laravel_paiza\tests\Unit\UserTest_C042.php" line="15" assertions="1" time="0.029514">
      <failure type="PHPUnit\Framework\ExpectationFailedException">Tests\Unit\UserTest_C042::test_C042
Failed asserting that two arrays are equal.
--- Expected
+++ Actual
@@ @@
 Array (
-    0 =&gt; '3\r
-    '
-    1 =&gt; '1 3\r
-    '
-    2 =&gt; '2 1\r
-    '
+    0 =&gt; '3'
+    1 =&gt; '1 3'
+    2 =&gt; '2 1'
     3 =&gt; '2 3'
 )

C:\laravel_paiza\tests\Unit\UserTest_C042.php:38</failure>
      <system-out>
期待値 = 
Array
(
    [0] =&gt; 3
    [1] =&gt; 1 3
    [2] =&gt; 2 1
    [3] =&gt; 2 3
)
処理結果 = Array
(
    [0] =&gt; 3&#13;
    [1] =&gt; 1 3&#13;
    [2] =&gt; 2 1&#13;
    [3] =&gt; 2 3
)
</system-out>
    </testcase>
  </testsuite>
</testsuites>
