<?xml version="1.0" encoding="UTF-8"?>
<testsuites>
  <testsuite name="Tests\Unit\UserTest_C042_check_N_numerical" file="C:\laravel_paiza\tests\Unit\UserTest_C042_check_N_numerical.php" tests="1" assertions="1" errors="0" warnings="0" failures="0" skipped="0" time="0.017629">
    <testcase name="test_C042_check_N_numerical" class="Tests\Unit\UserTest_C042_check_N_numerical" classname="Tests.Unit.UserTest_C042_check_N_numerical" file="C:\laravel_paiza\tests\Unit\UserTest_C042_check_N_numerical.php" line="16" assertions="1" time="0.017629"/>
  </testsuite>
</testsuites>
