<?xml version="1.0" encoding="UTF-8"?>
<testsuites>
  <testsuite name="Tests\Unit\UserTest_C042" file="C:\laravel_paiza\tests\Unit\UserTest_C042.php" tests="1" assertions="1" errors="0" warnings="0" failures="0" skipped="0" time="0.023857">
    <testcase name="test_C042" class="Tests\Unit\UserTest_C042" classname="Tests.Unit.UserTest_C042" file="C:\laravel_paiza\tests\Unit\UserTest_C042.php" line="15" assertions="1" time="0.023857">
      <system-out>
期待値 = 
Array
(
    [0] =&gt; Array
        (
            [0] =&gt; -
            [1] =&gt; W
            [2] =&gt; W
            [3] =&gt; W
            [4] =&gt; W
        )

    [1] =&gt; Array
        (
            [0] =&gt; L
            [1] =&gt; -
            [2] =&gt; W
            [3] =&gt; W
            [4] =&gt; L
        )

    [2] =&gt; Array
        (
            [0] =&gt; L
            [1] =&gt; L
            [2] =&gt; -
            [3] =&gt; W
            [4] =&gt; L
        )

    [3] =&gt; Array
        (
            [0] =&gt; L
            [1] =&gt; L
            [2] =&gt; L
            [3] =&gt; -
            [4] =&gt; L
        )

    [4] =&gt; Array
        (
            [0] =&gt; L
            [1] =&gt; W
            [2] =&gt; W
            [3] =&gt; W
            [4] =&gt; -
        )

)
処理結果 = Array
(
    [0] =&gt; Array
        (
            [0] =&gt; -
            [1] =&gt; W
            [2] =&gt; W
            [3] =&gt; W
            [4] =&gt; W
        )

    [1] =&gt; Array
        (
            [0] =&gt; L
            [1] =&gt; -
            [2] =&gt; W
            [3] =&gt; W
            [4] =&gt; L
        )

    [2] =&gt; Array
        (
            [0] =&gt; L
            [1] =&gt; L
            [2] =&gt; -
            [3] =&gt; W
            [4] =&gt; L
        )

    [3] =&gt; Array
        (
            [0] =&gt; L
            [1] =&gt; L
            [2] =&gt; L
            [3] =&gt; -
            [4] =&gt; L
        )

    [4] =&gt; Array
        (
            [0] =&gt; L
            [1] =&gt; W
            [2] =&gt; W
            [3] =&gt; W
            [4] =&gt; -
        )

)
</system-out>
    </testcase>
  </testsuite>
</testsuites>
