<?xml version="1.0" encoding="UTF-8"?>
<testsuites>
  <testsuite name="Tests\Unit\UserTest_C066_Scoop_Goldfish" file="C:\laravel_paiza\tests\Unit\UserTest_C066_Scoop_Goldfish.php" tests="1" assertions="1" errors="0" warnings="0" failures="0" skipped="0" time="0.278400">
    <testcase name="test_C066_Scoop_Goldfish" class="Tests\Unit\UserTest_C066_Scoop_Goldfish" classname="Tests.Unit.UserTest_C066_Scoop_Goldfish" file="C:\laravel_paiza\tests\Unit\UserTest_C066_Scoop_Goldfish.php" line="17" assertions="1" time="0.278400">
      <system-out>
期待値 = 5
処理結果 = 5
</system-out>
    </testcase>
  </testsuite>
</testsuites>
