<?xml version="1.0" encoding="UTF-8"?>
<testsuites>
  <testsuite name="Tests\Unit\UserTest_C066" file="C:\laravel_paiza\tests\Unit\UserTest_C066.php" tests="1" assertions="1" errors="0" warnings="0" failures="0" skipped="0" time="0.013475">
    <testcase name="test_C066_output" class="Tests\Unit\UserTest_C066" classname="Tests.Unit.UserTest_C066" file="C:\laravel_paiza\tests\Unit\UserTest_C066.php" line="15" assertions="1" time="0.013475">
      <system-out>
期待値 = 
4処理結果 = 4</system-out>
    </testcase>
  </testsuite>
</testsuites>
