<?xml version="1.0" encoding="UTF-8"?>
<testsuites>
  <testsuite name="Tests\Unit\UserTest_C066_Goldfish_Data_split" file="C:\laravel_paiza\tests\Unit\UserTest_C066_Goldfish_Data_split.php" tests="1" assertions="1" errors="0" warnings="0" failures="0" skipped="0" time="0.011234">
    <testcase name="test_C066_Goldfish_Data_split" class="Tests\Unit\UserTest_C066_Goldfish_Data_split" classname="Tests.Unit.UserTest_C066_Goldfish_Data_split" file="C:\laravel_paiza\tests\Unit\UserTest_C066_Goldfish_Data_split.php" line="15" assertions="1" time="0.011234">
      <system-out>
期待値 = Array
(
    [0] =&gt; 5
    [1] =&gt; 5
    [2] =&gt; 3
    [3] =&gt; 1
    [4] =&gt; 4
)

処理結果 = Array
(
    [0] =&gt; 5
    [1] =&gt; 5
    [2] =&gt; 3
    [3] =&gt; 1
    [4] =&gt; 4
)

</system-out>
    </testcase>
  </testsuite>
</testsuites>
