<?xml version="1.0" encoding="UTF-8"?>
<testsuites>
  <testsuite name="Tests\Unit\UserTest_C113_sub_position_one" file="C:\laravel_paiza\tests\Unit\UserTest_C113_sub_position_one.php" tests="1" assertions="1" errors="0" warnings="0" failures="0" skipped="0" time="0.012285">
    <testcase name="test_C113_sub_position_one" class="Tests\Unit\UserTest_C113_sub_position_one" classname="Tests.Unit.UserTest_C113_sub_position_one" file="C:\laravel_paiza\tests\Unit\UserTest_C113_sub_position_one.php" line="15" assertions="1" time="0.012285">
      <system-out>
input_data = Array
(
    [0] =&gt; 
    [1] =&gt; -
    [2] =&gt; 
    [3] =&gt; 
    [4] =&gt; 
)

player_psosition_correct = 0
player_position = 0
</system-out>
    </testcase>
  </testsuite>
</testsuites>
