<?xml version="1.0" encoding="UTF-8"?>
<testsuites>
  <testsuite name="Tests\Unit\UserTest_C113_get_data_header" file="C:\laravel_paiza\tests\Unit\UserTest_C113_get_data_header.php" tests="1" assertions="2" errors="0" warnings="0" failures="0" skipped="0" time="0.011455">
    <testcase name="test_C113_get_data_header" class="Tests\Unit\UserTest_C113_get_data_header" classname="Tests.Unit.UserTest_C113_get_data_header" file="C:\laravel_paiza\tests\Unit\UserTest_C113_get_data_header.php" line="15" assertions="2" time="0.011455">
      <system-out>
input_datas=Array
(
    [0] =&gt; 5 3
    [1] =&gt; x
    [2] =&gt; -
    [3] =&gt; +
    [4] =&gt; 1
    [5] =&gt; 1
    [6] =&gt; 6
)

masu = 5
saikoro = 3
masu_correct = 5
saikoro_correct = 3
</system-out>
    </testcase>
  </testsuite>
</testsuites>
