<?xml version="1.0" encoding="UTF-8"?>
<testsuites>
  <testsuite name="Tests\Unit\UserTest_C042_Grades_Data_select" file="C:\laravel_paiza\tests\Unit\UserTest_C042_Grades_Data_select.php" tests="1" assertions="1" errors="0" warnings="0" failures="0" skipped="0" time="0.012258">
    <testcase name="test_C042_Grades_Data_select" class="Tests\Unit\UserTest_C042_Grades_Data_select" classname="Tests.Unit.UserTest_C042_Grades_Data_select" file="C:\laravel_paiza\tests\Unit\UserTest_C042_Grades_Data_select.php" line="15" assertions="1" time="0.012258">
      <system-out>
期待値 = 
Array
(
    [0] =&gt; Array
        (
            [f] =&gt; 1
            [s] =&gt; 3
        )

    [1] =&gt; Array
        (
            [f] =&gt; 2
            [s] =&gt; 1
        )

    [2] =&gt; Array
        (
            [f] =&gt; 2
            [s] =&gt; 3
        )

)
処理結果 = Array
(
    [0] =&gt; Array
        (
            [f] =&gt; 1
            [s] =&gt; 3
        )

    [1] =&gt; Array
        (
            [f] =&gt; 2
            [s] =&gt; 1
        )

    [2] =&gt; Array
        (
            [f] =&gt; 2
            [s] =&gt; 3
        )

)
</system-out>
    </testcase>
  </testsuite>
</testsuites>
