<?xml version="1.0" encoding="UTF-8"?>
<testsuites>
  <testsuite name="Tests\Unit\UserTest_C042_HeadData_Split" file="C:\laravel_paiza\tests\Unit\UserTest_C042_HeadData_Split.php" tests="1" assertions="1" errors="0" warnings="0" failures="0" skipped="0" time="0.013551">
    <testcase name="test_C042_HeadData_Split" class="Tests\Unit\UserTest_C042_HeadData_Split" classname="Tests.Unit.UserTest_C042_HeadData_Split" file="C:\laravel_paiza\tests\Unit\UserTest_C042_HeadData_Split.php" line="15" assertions="1" time="0.013551">
      <system-out>
期待値 = 
Array
(
    [Total_participants] =&gt; 3
)
処理結果 = Array
(
    [Total_participants] =&gt; 3
)
</system-out>
    </testcase>
  </testsuite>
</testsuites>
