<?xml version="1.0" encoding="UTF-8"?>
<testsuites>
  <testsuite name="Tests\Unit\UserTest_B035" file="/home/user/docker-laravel/laravel_paiza/tests/Unit/UserTest_B035.php" tests="1" assertions="1" errors="0" warnings="0" failures="0" skipped="0" time="0.003416">
    <testcase name="testB035Gradebook" class="Tests\Unit\UserTest_B035" classname="Tests.Unit.UserTest_B035" file="/home/user/docker-laravel/laravel_paiza/tests/Unit/UserTest_B035.php" line="315" assertions="1" time="0.003416">
      <system-out>
期待値 = 
Array
(
    [0] =&gt; Array
        (
            [0] =&gt; alice
            [1] =&gt; 7
            [2] =&gt; UP!
        )

    [1] =&gt; Array
        (
            [0] =&gt; betty
            [1] =&gt; 4
            [2] =&gt; UP!
        )

    [2] =&gt; Array
        (
            [0] =&gt; ngng
            [1] =&gt; 4
            [2] =&gt; New
        )

    [3] =&gt; Array
        (
            [0] =&gt; franca
            [1] =&gt; 3
            [2] =&gt; Down!
        )

)
処理結果 = Array
(
    [0] =&gt; Array
        (
            [0] =&gt; alice
            [1] =&gt; 7
            [2] =&gt; UP!
        )

    [1] =&gt; Array
        (
            [0] =&gt; betty
            [1] =&gt; 4
            [2] =&gt; UP!
        )

    [2] =&gt; Array
        (
            [0] =&gt; ngng
            [1] =&gt; 4
            [2] =&gt; New
        )

    [3] =&gt; Array
        (
            [0] =&gt; franca
            [1] =&gt; 3
            [2] =&gt; Down!
        )

)
</system-out>
    </testcase>
  </testsuite>
</testsuites>
