<?xml version="1.0" encoding="UTF-8"?>
<testsuites>
  <testsuite name="Tests\Unit\UserTest_B035" file="/home/user/docker-laravel/laravel_paiza/tests/Unit/UserTest_B035.php" tests="1" assertions="1" errors="0" warnings="0" failures="0" skipped="0" time="0.003369">
    <testcase name="testB035CumulativeDistances" class="Tests\Unit\UserTest_B035" classname="Tests.Unit.UserTest_B035" file="/home/user/docker-laravel/laravel_paiza/tests/Unit/UserTest_B035.php" line="227" assertions="1" time="0.003369">
      <system-out>
期待値 = 
Array
(
    [betty] =&gt; Array
        (
            [0] =&gt; 5
            [1] =&gt; 
        )

    [dad] =&gt; Array
        (
            [0] =&gt; 4
            [1] =&gt; 
        )

    [NGNG] =&gt; Array
        (
            [0] =&gt; 3
            [1] =&gt; New
        )

    [franca] =&gt; Array
        (
            [0] =&gt; 2
            [1] =&gt; 
        )

    [alice] =&gt; Array
        (
            [0] =&gt; 1
            [1] =&gt; 
        )

)
処理結果 = Array
(
    [betty] =&gt; Array
        (
            [0] =&gt; 5
            [1] =&gt; 
        )

    [dad] =&gt; Array
        (
            [0] =&gt; 4
            [1] =&gt; 
        )

    [NGNG] =&gt; Array
        (
            [0] =&gt; 3
            [1] =&gt; New
        )

    [franca] =&gt; Array
        (
            [0] =&gt; 2
            [1] =&gt; 
        )

    [alice] =&gt; Array
        (
            [0] =&gt; 1
            [1] =&gt; 
        )

)
</system-out>
    </testcase>
  </testsuite>
</testsuites>
