<?xml version="1.0" encoding="UTF-8"?>
<testsuites>
  <testsuite name="Tests\Unit\UserTest_B035" file="/home/user/docker-laravel/laravel_paiza/tests/Unit/UserTest_B035.php" tests="1" assertions="0" errors="1" warnings="0" failures="0" skipped="0" time="0.067151">
    <testcase name="testB035callNewLabel" class="Tests\Unit\UserTest_B035" classname="Tests.Unit.UserTest_B035" file="/home/user/docker-laravel/laravel_paiza/tests/Unit/UserTest_B035.php" line="180" assertions="0" time="0.067151">
      <error type="BadMethodCallException">Tests\Unit\UserTest_B035::testB035callNewLabel
BadMethodCallException: Method App\Http\Controllers\B035_Controller::callNewLabel does not exist.

/home/user/docker-laravel/laravel_paiza/vendor/laravel/framework/src/Illuminate/Routing/Controller.php:68
/home/user/docker-laravel/laravel_paiza/tests/Unit/UserTest_B035.php:193</error>
    </testcase>
  </testsuite>
</testsuites>
